<?xml version="1.0" encoding="UTF-8"?>
<!-- Generated by org.testng.reporters.JUnitXMLReporter -->
<testsuite hostname="EEOC-2TK736001Z" ignored="0" name="Testing Part C" tests="9" failures="0" timestamp="02 Apr 2019 13:31:28 GMT" time="32.558" errors="0">
  <testcase name="partC_NegativeTest" time="3.019" classname="PartData.PartC"/>
  <testcase name="partCErrorMessage" time="1.072" classname="PartData.PartC"/>
  <testcase name="partC" time="2.771" classname="PartData.PartC"/>
  <testcase name="VerifyContractAdded" time="0.123" classname="PartData.PartC"/>
  <testcase name="deleteContract" time="1.406" classname="PartData.PartC"/>
  <testcase name="addOffical" time="1.81" classname="PartData.PartC"/>
  <testcase name="addOfficals" time="6.12" classname="PartData.PartC"/>
  <testcase name="addOfficalss" time="3.239" classname="PartData.PartC"/>
  <testcase name="deleteContracts" time="1.306" classname="PartData.PartC"/>
</testsuite> <!-- Testing Part C -->
