<?xml version="1.0" encoding="UTF-8"?>
<!-- Generated by org.testng.reporters.JUnitXMLReporter -->
<testsuite hostname="EEOC-2TK736001Z" ignored="0" name="Default test" tests="9" failures="0" timestamp="01 Apr 2019 22:05:50 GMT" time="32.965" errors="0">
  <testcase name="partC_NegativeTest" time="2.861" classname="PartData.PartC"/>
  <testcase name="partCErrorMessage" time="1.07" classname="PartData.PartC"/>
  <testcase name="partC" time="2.8" classname="PartData.PartC"/>
  <testcase name="VerifyContractAdded" time="0.139" classname="PartData.PartC"/>
  <testcase name="deleteContract" time="1.274" classname="PartData.PartC"/>
  <testcase name="addOffical" time="1.786" classname="PartData.PartC"/>
  <testcase name="addOfficals" time="5.7" classname="PartData.PartC"/>
  <testcase name="addOfficalss" time="3.218" classname="PartData.PartC"/>
  <testcase name="deleteContracts" time="1.175" classname="PartData.PartC"/>
</testsuite> <!-- Default test -->
