<?xml version="1.0" encoding="UTF-8"?>
<!-- Generated by org.testng.reporters.JUnitXMLReporter -->
<testsuite hostname="EEOC-2TK736001Z" ignored="0" name="Default test" tests="9" failures="0" timestamp="27 Mar 2019 14:38:00 GMT" time="32.523" errors="0">
  <testcase name="partC_NegativeTest" time="3.92" classname="PartData.PartC"/>
  <testcase name="partCErrorMessage" time="1.076" classname="PartData.PartC"/>
  <testcase name="partC" time="2.825" classname="PartData.PartC"/>
  <testcase name="VerifyContractAdded" time="0.11" classname="PartData.PartC"/>
  <testcase name="deleteContract" time="1.171" classname="PartData.PartC"/>
  <testcase name="addOffical" time="1.795" classname="PartData.PartC"/>
  <testcase name="addOfficals" time="5.774" classname="PartData.PartC"/>
  <testcase name="addOfficalss" time="3.247" classname="PartData.PartC"/>
  <testcase name="deleteContracts" time="1.202" classname="PartData.PartC"/>
</testsuite> <!-- Default test -->
