<?xml version="1.0" encoding="UTF-8"?>
<testng-results skipped="0" failed="0" ignored="0" total="15" passed="15">
  <reporter-output>
  </reporter-output>
  <suite name="Suite" duration-ms="83854" started-at="2019-03-27T14:38:37Z" finished-at="2019-03-27T14:40:01Z">
    <groups>
    </groups>
    <test name="Successfully the login" duration-ms="8621" started-at="2019-03-27T14:38:37Z" finished-at="2019-03-27T14:38:46Z">
      <class name="PartData.loginPage">
        <test-method status="PASS" signature="initialize()[pri:0, instance:PartData.loginPage@7f0eb4b4]" name="initialize" is-config="true" duration-ms="6606" started-at="2019-03-27T14:38:37Z" finished-at="2019-03-27T14:38:44Z">
          <reporter-output>
          </reporter-output>
        </test-method> <!-- initialize -->
        <test-method status="PASS" signature="loginPages()[pri:0, instance:PartData.loginPage@7f0eb4b4]" name="loginPages" duration-ms="767" started-at="2019-03-27T14:38:44Z" finished-at="2019-03-27T14:38:45Z">
          <reporter-output>
          </reporter-output>
        </test-method> <!-- loginPages -->
        <test-method status="PASS" signature="tearDown()[pri:0, instance:PartData.loginPage@7f0eb4b4]" name="tearDown" is-config="true" duration-ms="1220" started-at="2019-03-27T14:38:45Z" finished-at="2019-03-27T14:38:46Z">
          <reporter-output>
          </reporter-output>
        </test-method> <!-- tearDown -->
      </class> <!-- PartData.loginPage -->
    </test> <!-- Successfully the login -->
    <test name="Valding the homepage" duration-ms="10015" started-at="2019-03-27T14:38:46Z" finished-at="2019-03-27T14:38:56Z">
      <class name="PartData.landingPage">
        <test-method status="PASS" signature="initialize()[pri:0, instance:PartData.landingPage@689604d9]" name="initialize" is-config="true" duration-ms="6767" started-at="2019-03-27T14:38:46Z" finished-at="2019-03-27T14:38:53Z">
          <reporter-output>
          </reporter-output>
        </test-method> <!-- initialize -->
        <test-method status="PASS" signature="landingPage()[pri:0, instance:PartData.landingPage@689604d9]" name="landingPage" duration-ms="1925" started-at="2019-03-27T14:38:53Z" finished-at="2019-03-27T14:38:55Z">
          <reporter-output>
          </reporter-output>
        </test-method> <!-- landingPage -->
        <test-method status="PASS" signature="tearDown()[pri:0, instance:PartData.landingPage@689604d9]" name="tearDown" is-config="true" duration-ms="1320" started-at="2019-03-27T14:38:55Z" finished-at="2019-03-27T14:38:56Z">
          <reporter-output>
          </reporter-output>
        </test-method> <!-- tearDown -->
      </class> <!-- PartData.landingPage -->
    </test> <!-- Valding the homepage -->
    <test name="Valding Part A" duration-ms="13645" started-at="2019-03-27T14:38:56Z" finished-at="2019-03-27T14:39:10Z">
      <class name="PartData.PartA">
        <test-method status="PASS" signature="initialize()[pri:0, instance:PartData.PartA@2a65fe7c]" name="initialize" is-config="true" duration-ms="8645" started-at="2019-03-27T14:38:56Z" finished-at="2019-03-27T14:39:05Z">
          <reporter-output>
          </reporter-output>
        </test-method> <!-- initialize -->
        <test-method status="PASS" signature="partA_NegativeTest()[pri:0, instance:PartData.PartA@2a65fe7c]" name="partA_NegativeTest" duration-ms="2391" started-at="2019-03-27T14:39:05Z" finished-at="2019-03-27T14:39:07Z">
          <reporter-output>
          </reporter-output>
        </test-method> <!-- partA_NegativeTest -->
        <test-method status="PASS" signature="partA()[pri:1, instance:PartData.PartA@2a65fe7c]" name="partA" duration-ms="1295" started-at="2019-03-27T14:39:07Z" finished-at="2019-03-27T14:39:08Z">
          <reporter-output>
          </reporter-output>
        </test-method> <!-- partA -->
        <test-method status="PASS" signature="tearDown()[pri:0, instance:PartData.PartA@2a65fe7c]" name="tearDown" is-config="true" duration-ms="1313" started-at="2019-03-27T14:39:08Z" finished-at="2019-03-27T14:39:10Z">
          <reporter-output>
          </reporter-output>
        </test-method> <!-- tearDown -->
      </class> <!-- PartData.PartA -->
    </test> <!-- Valding Part A -->
    <test name="Valding Part B" duration-ms="20886" started-at="2019-03-27T14:39:10Z" finished-at="2019-03-27T14:39:30Z">
      <class name="PartData.PartB">
        <test-method status="PASS" signature="initialize()[pri:0, instance:PartData.PartB@459e9125]" name="initialize" is-config="true" duration-ms="9221" started-at="2019-03-27T14:39:10Z" finished-at="2019-03-27T14:39:19Z">
          <reporter-output>
          </reporter-output>
        </test-method> <!-- initialize -->
        <test-method status="PASS" signature="partB_NegativeTest()[pri:0, instance:PartData.PartB@459e9125]" name="partB_NegativeTest" duration-ms="2831" started-at="2019-03-27T14:39:19Z" finished-at="2019-03-27T14:39:22Z">
          <reporter-output>
          </reporter-output>
        </test-method> <!-- partB_NegativeTest -->
        <test-method status="PASS" signature="partB()[pri:1, instance:PartData.PartB@459e9125]" name="partB" duration-ms="7551" started-at="2019-03-27T14:39:22Z" finished-at="2019-03-27T14:39:29Z">
          <reporter-output>
          </reporter-output>
        </test-method> <!-- partB -->
        <test-method status="PASS" signature="tearDown()[pri:0, instance:PartData.PartB@459e9125]" name="tearDown" is-config="true" duration-ms="1282" started-at="2019-03-27T14:39:29Z" finished-at="2019-03-27T14:39:30Z">
          <reporter-output>
          </reporter-output>
        </test-method> <!-- tearDown -->
      </class> <!-- PartData.PartB -->
    </test> <!-- Valding Part B -->
    <test name="Testing Part C" duration-ms="30564" started-at="2019-03-27T14:39:30Z" finished-at="2019-03-27T14:40:01Z">
      <class name="PartData.PartC">
        <test-method status="PASS" signature="initialize()[pri:0, instance:PartData.PartC@7b2bbc3]" name="initialize" is-config="true" duration-ms="8960" started-at="2019-03-27T14:39:30Z" finished-at="2019-03-27T14:39:39Z">
          <reporter-output>
          </reporter-output>
        </test-method> <!-- initialize -->
        <test-method status="PASS" signature="partC_NegativeTest()[pri:0, instance:PartData.PartC@7b2bbc3]" name="partC_NegativeTest" duration-ms="3133" started-at="2019-03-27T14:39:39Z" description="Testing the Negative Part C" finished-at="2019-03-27T14:39:43Z">
          <reporter-output>
          </reporter-output>
        </test-method> <!-- partC_NegativeTest -->
        <test-method status="PASS" signature="partCErrorMessage()[pri:1, instance:PartData.PartC@7b2bbc3]" name="partCErrorMessage" duration-ms="1110" started-at="2019-03-27T14:39:43Z" finished-at="2019-03-27T14:39:44Z">
          <reporter-output>
          </reporter-output>
        </test-method> <!-- partCErrorMessage -->
        <test-method status="PASS" signature="partC()[pri:2, instance:PartData.PartC@7b2bbc3]" name="partC" duration-ms="2855" started-at="2019-03-27T14:39:44Z" finished-at="2019-03-27T14:39:46Z">
          <reporter-output>
          </reporter-output>
        </test-method> <!-- partC -->
        <test-method status="PASS" signature="VerifyContractAdded()[pri:3, instance:PartData.PartC@7b2bbc3]" name="VerifyContractAdded" duration-ms="95" started-at="2019-03-27T14:39:46Z" finished-at="2019-03-27T14:39:47Z">
          <reporter-output>
          </reporter-output>
        </test-method> <!-- VerifyContractAdded -->
        <test-method status="PASS" signature="deleteContract()[pri:4, instance:PartData.PartC@7b2bbc3]" name="deleteContract" duration-ms="1155" started-at="2019-03-27T14:39:47Z" finished-at="2019-03-27T14:39:48Z">
          <reporter-output>
          </reporter-output>
        </test-method> <!-- deleteContract -->
        <test-method status="PASS" signature="addOffical()[pri:5, instance:PartData.PartC@7b2bbc3]" name="addOffical" duration-ms="1889" started-at="2019-03-27T14:39:48Z" finished-at="2019-03-27T14:39:50Z">
          <reporter-output>
          </reporter-output>
        </test-method> <!-- addOffical -->
        <test-method status="PASS" signature="addOfficals()[pri:6, instance:PartData.PartC@7b2bbc3]" name="addOfficals" duration-ms="5742" started-at="2019-03-27T14:39:50Z" finished-at="2019-03-27T14:39:55Z">
          <reporter-output>
          </reporter-output>
        </test-method> <!-- addOfficals -->
        <test-method status="PASS" signature="addOfficalss()[pri:7, instance:PartData.PartC@7b2bbc3]" name="addOfficalss" duration-ms="3231" started-at="2019-03-27T14:39:55Z" finished-at="2019-03-27T14:39:59Z">
          <reporter-output>
          </reporter-output>
        </test-method> <!-- addOfficalss -->
        <test-method status="PASS" signature="deleteContracts()[pri:8, instance:PartData.PartC@7b2bbc3]" name="deleteContracts" duration-ms="1063" started-at="2019-03-27T14:39:59Z" finished-at="2019-03-27T14:40:00Z">
          <reporter-output>
          </reporter-output>
        </test-method> <!-- deleteContracts -->
        <test-method status="PASS" signature="tearDown()[pri:0, instance:PartData.PartC@7b2bbc3]" name="tearDown" is-config="true" duration-ms="1328" started-at="2019-03-27T14:40:00Z" finished-at="2019-03-27T14:40:01Z">
          <reporter-output>
          </reporter-output>
        </test-method> <!-- tearDown -->
      </class> <!-- PartData.PartC -->
    </test> <!-- Testing Part C -->
  </suite> <!-- Suite -->
</testng-results>
